<?xml version="1.0" encoding="UTF-8"?>
<testsuite xmlns:xsi="http://www.w3.org/2001/XMLSchema-instance" xsi:noNamespaceSchemaLocation="https://maven.apache.org/surefire/maven-surefire-plugin/xsd/surefire-test-report-3.0.xsd" version="3.0" name="Banco.BancoTest" time="0.053" tests="3" errors="0" skipped="0" failures="0">
  <properties>
[...]
</properties>
  <testcase name="testConsultarOperaciones" classname="Banco.BancoTest" time="0.032">
    <system-out><![CDATA[consultarOperaciones
]]></system-out>
  </testcase>
  <testcase name="testCrearCliente" classname="Banco.BancoTest" time="0.006">
    <system-out><![CDATA[crearCliente
Se ha creado el cliente  con un saldo inicial de $0.0
]]></system-out>
  </testcase>
  <testcase name="testCajaTotal" classname="Banco.BancoTest" time="0.004">
    <system-out><![CDATA[cajaTotal
]]></system-out>
  </testcase>
</testsuite>